[09-Jun-2025 11:24:07 Europe/Berlin] Session data: Array
(
    [name] => test34
    [email] => test34@gmail.com
    [role] => manager
)

[09-Jun-2025 11:24:07 Europe/Berlin] Cars fetched: Array
(
    [0] => Array
        (
            [car_id] => 8
            [brand] => Toyota
            [model] => sc2
            [license_plate] => 23424
        )

    [1] => Array
        (
            [car_id] => 9
            [brand] => Toyota
            [model] => sc2
            [license_plate] => 2342432
        )

)

[09-Jun-2025 11:24:07 Europe/Berlin] PHP Notice:  session_start(): Ignoring session_start() because a session is already active in C:\xampp\htdocs\finalproject\header1.php on line 2
[09-Jun-2025 11:24:07 Europe/Berlin] PHP Fatal error:  Uncaught Error: mysqli object is already closed in C:\xampp\htdocs\finalproject\header1.php:13
Stack trace:
#0 C:\xampp\htdocs\finalproject\header1.php(13): mysqli->prepare('SELECT business...')
#1 C:\xampp\htdocs\finalproject\cars1.php(117): require_once('C:\\xampp\\htdocs...')
#2 {main}
  thrown in C:\xampp\htdocs\finalproject\header1.php on line 13
[09-Jun-2025 11:24:54 Europe/Berlin] Session data: Array
(
    [name] => test34
    [email] => test34@gmail.com
    [role] => manager
)

[09-Jun-2025 11:24:54 Europe/Berlin] PHP Notice:  session_start(): Ignoring session_start() because a session is already active in C:\xampp\htdocs\finalproject\header1.php on line 2
[09-Jun-2025 11:24:54 Europe/Berlin] Cars fetched: Array
(
    [0] => Array
        (
            [car_id] => 8
            [brand] => Toyota
            [model] => sc2
            [license_plate] => 23424
        )

    [1] => Array
        (
            [car_id] => 9
            [brand] => Toyota
            [model] => sc2
            [license_plate] => 2342432
        )

)

[09-Jun-2025 11:25:01 Europe/Berlin] Session data: Array
(
    [name] => test34
    [email] => test34@gmail.com
    [role] => manager
)

[09-Jun-2025 11:25:01 Europe/Berlin] PHP Notice:  session_start(): Ignoring session_start() because a session is already active in C:\xampp\htdocs\finalproject\header1.php on line 2
[09-Jun-2025 11:25:01 Europe/Berlin] PHP Warning:  Cannot modify header information - headers already sent by (output started at C:\xampp\htdocs\finalproject\header1.php:137) in C:\xampp\htdocs\finalproject\cars1.php on line 70
[09-Jun-2025 11:29:27 Europe/Berlin] Session data: Array
(
    [name] => test34
    [email] => test34@gmail.com
    [role] => manager
)

[09-Jun-2025 11:29:27 Europe/Berlin] Cars fetched: Array
(
    [0] => Array
        (
            [car_id] => 11
            [brand] => dsffa
            [model] => sc2
            [license_plate] => 1323rqwdesad
        )

    [1] => Array
        (
            [car_id] => 8
            [brand] => Toyota
            [model] => sc2
            [license_plate] => 23424
        )

    [2] => Array
        (
            [car_id] => 9
            [brand] => Toyota
            [model] => sc2
            [license_plate] => 2342432
        )

    [3] => Array
        (
            [car_id] => 10
            [brand] => Toyota
            [model] => sc2
            [license_plate] => 234243223
        )

)

[09-Jun-2025 11:29:27 Europe/Berlin] PHP Notice:  session_start(): Ignoring session_start() because a session is already active in C:\xampp\htdocs\finalproject\header1.php on line 2
[09-Jun-2025 11:29:27 Europe/Berlin] PHP Fatal error:  Uncaught Error: mysqli object is already closed in C:\xampp\htdocs\finalproject\header1.php:13
Stack trace:
#0 C:\xampp\htdocs\finalproject\header1.php(13): mysqli->prepare('SELECT business...')
#1 C:\xampp\htdocs\finalproject\cars1.php(117): require_once('C:\\xampp\\htdocs...')
#2 {main}
  thrown in C:\xampp\htdocs\finalproject\header1.php on line 13
[09-Jun-2025 11:29:31 Europe/Berlin] Session data: Array
(
    [name] => test34
    [email] => test34@gmail.com
    [role] => manager
)

[09-Jun-2025 11:29:31 Europe/Berlin] Cars fetched: Array
(
    [0] => Array
        (
            [car_id] => 11
            [brand] => dsffa
            [model] => sc2
            [license_plate] => 1323rqwdesad
        )

    [1] => Array
        (
            [car_id] => 8
            [brand] => Toyota
            [model] => sc2
            [license_plate] => 23424
        )

    [2] => Array
        (
            [car_id] => 9
            [brand] => Toyota
            [model] => sc2
            [license_plate] => 2342432
        )

    [3] => Array
        (
            [car_id] => 10
            [brand] => Toyota
            [model] => sc2
            [license_plate] => 234243223
        )

)

[09-Jun-2025 11:29:31 Europe/Berlin] PHP Notice:  session_start(): Ignoring session_start() because a session is already active in C:\xampp\htdocs\finalproject\header1.php on line 2
[09-Jun-2025 11:29:31 Europe/Berlin] PHP Fatal error:  Uncaught Error: mysqli object is already closed in C:\xampp\htdocs\finalproject\header1.php:13
Stack trace:
#0 C:\xampp\htdocs\finalproject\header1.php(13): mysqli->prepare('SELECT business...')
#1 C:\xampp\htdocs\finalproject\cars1.php(117): require_once('C:\\xampp\\htdocs...')
#2 {main}
  thrown in C:\xampp\htdocs\finalproject\header1.php on line 13
[09-Jun-2025 11:29:37 Europe/Berlin] Session data: Array
(
    [name] => test34
    [email] => test34@gmail.com
    [role] => manager
)

[09-Jun-2025 11:29:37 Europe/Berlin] Cars fetched: Array
(
    [0] => Array
        (
            [car_id] => 11
            [brand] => dsffa
            [model] => sc2
            [license_plate] => 1323rqwdesad
        )

    [1] => Array
        (
            [car_id] => 8
            [brand] => Toyota
            [model] => sc2
            [license_plate] => 23424
        )

    [2] => Array
        (
            [car_id] => 9
            [brand] => Toyota
            [model] => sc2
            [license_plate] => 2342432
        )

    [3] => Array
        (
            [car_id] => 10
            [brand] => Toyota
            [model] => sc2
            [license_plate] => 234243223
        )

)

[09-Jun-2025 11:29:37 Europe/Berlin] PHP Notice:  session_start(): Ignoring session_start() because a session is already active in C:\xampp\htdocs\finalproject\header1.php on line 2
[09-Jun-2025 11:29:37 Europe/Berlin] PHP Fatal error:  Uncaught Error: mysqli object is already closed in C:\xampp\htdocs\finalproject\header1.php:13
Stack trace:
#0 C:\xampp\htdocs\finalproject\header1.php(13): mysqli->prepare('SELECT business...')
#1 C:\xampp\htdocs\finalproject\cars1.php(117): require_once('C:\\xampp\\htdocs...')
#2 {main}
  thrown in C:\xampp\htdocs\finalproject\header1.php on line 13
[09-Jun-2025 11:31:25 Europe/Berlin] PHP Warning:  Undefined global variable $_SESSION in C:\xampp\htdocs\finalproject\cars1.php on line 10
[09-Jun-2025 11:31:25 Europe/Berlin] Session data: 
[09-Jun-2025 11:31:25 Europe/Berlin] Session check failed: email=unset, role=unset
[09-Jun-2025 11:31:43 Europe/Berlin] PHP Warning:  Undefined global variable $_SESSION in C:\xampp\htdocs\finalproject\cars1.php on line 10
[09-Jun-2025 11:31:43 Europe/Berlin] Session data: 
[09-Jun-2025 11:31:43 Europe/Berlin] Session check failed: email=unset, role=unset
[09-Jun-2025 11:31:47 Europe/Berlin] PHP Warning:  Undefined global variable $_SESSION in C:\xampp\htdocs\finalproject\cars1.php on line 10
[09-Jun-2025 11:31:47 Europe/Berlin] Session data: 
[09-Jun-2025 11:31:47 Europe/Berlin] Session check failed: email=unset, role=unset
[09-Jun-2025 11:31:50 Europe/Berlin] PHP Warning:  Undefined global variable $_SESSION in C:\xampp\htdocs\finalproject\cars1.php on line 10
[09-Jun-2025 11:31:50 Europe/Berlin] Session data: 
[09-Jun-2025 11:31:50 Europe/Berlin] Session check failed: email=unset, role=unset
[09-Jun-2025 11:32:06 Europe/Berlin] Session data: Array
(
    [name] => test34
    [email] => test34@gmail.com
    [role] => manager
)

[09-Jun-2025 11:32:06 Europe/Berlin] Cars fetched: Array
(
    [0] => Array
        (
            [car_id] => 11
            [brand] => dsffa
            [model] => sc2
            [license_plate] => 1323rqwdesad
        )

    [1] => Array
        (
            [car_id] => 8
            [brand] => Toyota
            [model] => sc2
            [license_plate] => 23424
        )

    [2] => Array
        (
            [car_id] => 9
            [brand] => Toyota
            [model] => sc2
            [license_plate] => 2342432
        )

    [3] => Array
        (
            [car_id] => 10
            [brand] => Toyota
            [model] => sc2
            [license_plate] => 234243223
        )

)

[09-Jun-2025 11:32:13 Europe/Berlin] Session data: Array
(
    [name] => test34
    [email] => test34@gmail.com
    [role] => manager
)

[09-Jun-2025 11:32:17 Europe/Berlin] Session data: Array
(
    [name] => test34
    [email] => test34@gmail.com
    [role] => manager
)

[09-Jun-2025 11:32:17 Europe/Berlin] Cars fetched: Array
(
    [0] => Array
        (
            [car_id] => 11
            [brand] => dsffa
            [model] => sc2
            [license_plate] => 1323rqwdesad
        )

    [1] => Array
        (
            [car_id] => 12
            [brand] => dsffa
            [model] => sc2
            [license_plate] => 123ewq
        )

    [2] => Array
        (
            [car_id] => 8
            [brand] => Toyota
            [model] => sc2
            [license_plate] => 23424
        )

    [3] => Array
        (
            [car_id] => 9
            [brand] => Toyota
            [model] => sc2
            [license_plate] => 2342432
        )

    [4] => Array
        (
            [car_id] => 10
            [brand] => Toyota
            [model] => sc2
            [license_plate] => 234243223
        )

)

[09-Jun-2025 11:32:25 Europe/Berlin] Session data: Array
(
    [name] => test34
    [email] => test34@gmail.com
    [role] => manager
)

[09-Jun-2025 11:32:25 Europe/Berlin] Cars fetched: Array
(
    [0] => Array
        (
            [car_id] => 11
            [brand] => dsffa
            [model] => sc2
            [license_plate] => 1323rqwdesad
        )

    [1] => Array
        (
            [car_id] => 12
            [brand] => dsffa
            [model] => sc2
            [license_plate] => 123ewq
        )

    [2] => Array
        (
            [car_id] => 8
            [brand] => Toyota
            [model] => sc2
            [license_plate] => 23424
        )

    [3] => Array
        (
            [car_id] => 9
            [brand] => Toyota
            [model] => sc2
            [license_plate] => 2342432
        )

    [4] => Array
        (
            [car_id] => 10
            [brand] => Toyota
            [model] => sc2
            [license_plate] => 234243223
        )

)

[09-Jun-2025 11:35:45 Europe/Berlin] Session data: Array
(
    [name] => test34
    [email] => test34@gmail.com
    [role] => manager
)

[09-Jun-2025 11:35:45 Europe/Berlin] Cars fetched: Array
(
    [0] => Array
        (
            [car_id] => 11
            [brand] => dsffa
            [model] => sc2
            [license_plate] => 1323rqwdesad
        )

    [1] => Array
        (
            [car_id] => 12
            [brand] => dsffa
            [model] => sc2
            [license_plate] => 123ewq
        )

    [2] => Array
        (
            [car_id] => 8
            [brand] => Toyota
            [model] => sc2
            [license_plate] => 23424
        )

    [3] => Array
        (
            [car_id] => 9
            [brand] => Toyota
            [model] => sc2
            [license_plate] => 2342432
        )

    [4] => Array
        (
            [car_id] => 10
            [brand] => Toyota
            [model] => sc2
            [license_plate] => 234243223
        )

)

[09-Jun-2025 11:35:52 Europe/Berlin] Session data: Array
(
    [name] => test34
    [email] => test34@gmail.com
    [role] => manager
)

[09-Jun-2025 11:35:52 Europe/Berlin] Cars fetched: Array
(
    [0] => Array
        (
            [car_id] => 11
            [brand] => dsffa
            [model] => sc2
            [license_plate] => 1323rqwdesad
        )

    [1] => Array
        (
            [car_id] => 12
            [brand] => dsffa
            [model] => sc2
            [license_plate] => 123ewq
        )

    [2] => Array
        (
            [car_id] => 8
            [brand] => Toyota
            [model] => sc2
            [license_plate] => 23424
        )

    [3] => Array
        (
            [car_id] => 9
            [brand] => Toyota
            [model] => sc2
            [license_plate] => 2342432
        )

    [4] => Array
        (
            [car_id] => 10
            [brand] => Toyota
            [model] => sc2
            [license_plate] => 234243223
        )

)

[09-Jun-2025 11:36:06 Europe/Berlin] Session data: Array
(
    [name] => test34
    [email] => test34@gmail.com
    [role] => manager
)

[09-Jun-2025 11:36:06 Europe/Berlin] Cars fetched: Array
(
    [0] => Array
        (
            [car_id] => 11
            [brand] => dsffa
            [model] => sc2
            [license_plate] => 1323rqwdesad
        )

    [1] => Array
        (
            [car_id] => 12
            [brand] => dsffa
            [model] => sc2
            [license_plate] => 123ewq
        )

    [2] => Array
        (
            [car_id] => 8
            [brand] => Toyota
            [model] => sc2
            [license_plate] => 23424
        )

    [3] => Array
        (
            [car_id] => 9
            [brand] => Toyota
            [model] => sc2
            [license_plate] => 2342432
        )

    [4] => Array
        (
            [car_id] => 10
            [brand] => Toyota
            [model] => sc2
            [license_plate] => 234243223
        )

)

